# JRE version: OpenJDK Runtime Environment (11.0.4+11) (build 11.0.4+11)
# Java VM: OpenJDK 64-Bit Server VM (11.0.4+11, mixed mode, tiered, compressed oops, g1 gc, windows-amd64)
Heap:
 garbage-first heap   total 710656K, used 123249K [0x00000000c0000000, 0x0000000100000000)
  region size 1024K, 4 young (4096K), 4 survivors (4096K)
 Metaspace       used 46436K, capacity 48846K, committed 48944K, reserved 1093632K
  class space    used 4806K, capacity 5687K, committed 5760K, reserved 1048576K
GC Heap History (10 events):
Event: 44.799 GC heap after
{Heap after GC invocations=58 (full 0):
 garbage-first heap   total 220160K, used 93835K [0x00000000c0000000, 0x0000000100000000)
  region size 1024K, 5 young (5120K), 5 survivors (5120K)
 Metaspace       used 45901K, capacity 48300K, committed 48560K, reserved 1091584K
  class space    used 4721K, capacity 5589K, committed 5632K, reserved 1048576K
}
Event: 45.644 GC heap before
{Heap before GC invocations=58 (full 0):
 garbage-first heap   total 220160K, used 135819K [0x00000000c0000000, 0x0000000100000000)
  region size 1024K, 46 young (47104K), 5 survivors (5120K)
 Metaspace       used 46084K, capacity 48462K, committed 48560K, reserved 1091584K
  class space    used 4748K, capacity 5623K, committed 5632K, reserved 1048576K
}
Event: 45.714 GC heap after
{Heap after GC invocations=59 (full 0):
 garbage-first heap   total 551936K, used 98608K [0x00000000c0000000, 0x0000000100000000)
  region size 1024K, 5 young (5120K), 5 survivors (5120K)
 Metaspace       used 46084K, capacity 48462K, committed 48560K, reserved 1091584K
  class space    used 4748K, capacity 5623K, committed 5632K, reserved 1048576K
}
Event: 46.372 GC heap before
{Heap before GC invocations=59 (full 0):
 garbage-first heap   total 551936K, used 145712K [0x00000000c0000000, 0x0000000100000000)
  region size 1024K, 51 young (52224K), 5 survivors (5120K)
 Metaspace       used 46260K, capacity 48686K, committed 48944K, reserved 1093632K
  class space    used 4783K, capacity 5655K, committed 5760K, reserved 1048576K
}
Event: 46.498 GC heap after
{Heap after GC invocations=60 (full 0):
 garbage-first heap   total 551936K, used 104278K [0x00000000c0000000, 0x0000000100000000)
  region size 1024K, 6 young (6144K), 6 survivors (6144K)
 Metaspace       used 46260K, capacity 48686K, committed 48944K, reserved 1093632K
  class space    used 4783K, capacity 5655K, committed 5760K, reserved 1048576K
}
Event: 47.122 GC heap before
{Heap before GC invocations=60 (full 0):
 garbage-first heap   total 551936K, used 152406K [0x00000000c0000000, 0x0000000100000000)
  region size 1024K, 53 young (54272K), 6 survivors (6144K)
 Metaspace       used 46422K, capacity 48846K, committed 48944K, reserved 1093632K
  class space    used 4805K, capacity 5687K, committed 5760K, reserved 1048576K
}
Event: 47.354 GC heap after
{Heap after GC invocations=61 (full 0):
 garbage-first heap   total 551936K, used 110434K [0x00000000c0000000, 0x0000000100000000)
  region size 1024K, 6 young (6144K), 6 survivors (6144K)
 Metaspace       used 46422K, capacity 48846K, committed 48944K, reserved 1093632K
  class space    used 4805K, capacity 5687K, committed 5760K, reserved 1048576K
}
Event: 47.988 GC heap before
{Heap before GC invocations=61 (full 0):
 garbage-first heap   total 551936K, used 150370K [0x00000000c0000000, 0x0000000100000000)
  region size 1024K, 45 young (46080K), 6 survivors (6144K)
 Metaspace       used 46435K, capacity 48846K, committed 48944K, reserved 1093632K
  class space    used 4806K, capacity 5687K, committed 5760K, reserved 1048576K
}
Event: 48.229 GC heap after
{Heap after GC invocations=62 (full 0):
 garbage-first heap   total 551936K, used 114921K [0x00000000c0000000, 0x0000000100000000)
  region size 1024K, 5 young (5120K), 5 survivors (5120K)
 Metaspace       used 46435K, capacity 48846K, committed 48944K, reserved 1093632K
  class space    used 4806K, capacity 5687K, committed 5760K, reserved 1048576K
}
Event: 49.716 GC heap before
{Heap before GC invocations=62 (full 0):
 garbage-first heap   total 551936K, used 156905K [0x00000000c0000000, 0x0000000100000000)
  region size 1024K, 42 young (43008K), 5 survivors (5120K)
 Metaspace       used 46436K, capacity 48846K, committed 48944K, reserved 1093632K
  class space    used 4806K, capacity 5687K, committed 5760K, reserved 1048576K
}

