# JRE version: OpenJDK Runtime Environment (11.0.4+11) (build 11.0.4+11)
# Java VM: OpenJDK 64-Bit Server VM (11.0.4+11, mixed mode, tiered, compressed oops, g1 gc, windows-amd64)
Heap:
 garbage-first heap   total 262144K, used 70190K [0x00000000e0000000, 0x0000000100000000)
  region size 1024K, 41 young (41984K), 4 survivors (4096K)
 Metaspace       used 54143K, capacity 55058K, committed 55168K, reserved 303104K
  class space    used 6878K, capacity 7201K, committed 7296K, reserved 253952K
GC Heap History (10 events):
Event: 76.782 GC heap before
{Heap before GC invocations=12 (full 0):
 garbage-first heap   total 262144K, used 36838K [0x00000000e0000000, 0x0000000100000000)
  region size 1024K, 12 young (12288K), 3 survivors (3072K)
 Metaspace       used 49780K, capacity 50585K, committed 50944K, reserved 299008K
  class space    used 6258K, capacity 6543K, committed 6656K, reserved 253952K
}
Event: 76.801 GC heap after
{Heap after GC invocations=13 (full 0):
 garbage-first heap   total 262144K, used 27663K [0x00000000e0000000, 0x0000000100000000)
  region size 1024K, 1 young (1024K), 1 survivors (1024K)
 Metaspace       used 49780K, capacity 50585K, committed 50944K, reserved 299008K
  class space    used 6258K, capacity 6543K, committed 6656K, reserved 253952K
}
Event: 85.112 GC heap before
{Heap before GC invocations=13 (full 0):
 garbage-first heap   total 262144K, used 43023K [0x00000000e0000000, 0x0000000100000000)
  region size 1024K, 16 young (16384K), 1 survivors (1024K)
 Metaspace       used 50128K, capacity 51007K, committed 51200K, reserved 299008K
  class space    used 6295K, capacity 6577K, committed 6656K, reserved 253952K
}
Event: 85.239 GC heap after
{Heap after GC invocations=14 (full 0):
 garbage-first heap   total 262144K, used 27916K [0x00000000e0000000, 0x0000000100000000)
  region size 1024K, 1 young (1024K), 1 survivors (1024K)
 Metaspace       used 50128K, capacity 51007K, committed 51200K, reserved 299008K
  class space    used 6295K, capacity 6577K, committed 6656K, reserved 253952K
}
Event: 92.316 GC heap before
{Heap before GC invocations=14 (full 0):
 garbage-first heap   total 262144K, used 54540K [0x00000000e0000000, 0x0000000100000000)
  region size 1024K, 28 young (28672K), 1 survivors (1024K)
 Metaspace       used 51265K, capacity 52239K, committed 52352K, reserved 301056K
  class space    used 6475K, capacity 6778K, committed 6784K, reserved 253952K
}
Event: 92.525 GC heap after
{Heap after GC invocations=15 (full 0):
 garbage-first heap   total 262144K, used 28559K [0x00000000e0000000, 0x0000000100000000)
  region size 1024K, 2 young (2048K), 2 survivors (2048K)
 Metaspace       used 51265K, capacity 52239K, committed 52352K, reserved 301056K
  class space    used 6475K, capacity 6778K, committed 6784K, reserved 253952K
}
Event: 95.730 GC heap before
{Heap before GC invocations=15 (full 0):
 garbage-first heap   total 262144K, used 58255K [0x00000000e0000000, 0x0000000100000000)
  region size 1024K, 31 young (31744K), 2 survivors (2048K)
 Metaspace       used 52133K, capacity 53109K, committed 53248K, reserved 301056K
  class space    used 6567K, capacity 6875K, committed 6912K, reserved 253952K
}
Event: 95.778 GC heap after
{Heap after GC invocations=16 (full 0):
 garbage-first heap   total 262144K, used 30062K [0x00000000e0000000, 0x0000000100000000)
  region size 1024K, 3 young (3072K), 3 survivors (3072K)
 Metaspace       used 52133K, capacity 53109K, committed 53248K, reserved 301056K
  class space    used 6567K, capacity 6875K, committed 6912K, reserved 253952K
}
Event: 100.218 GC heap before
{Heap before GC invocations=16 (full 0):
 garbage-first heap   total 262144K, used 69998K [0x00000000e0000000, 0x0000000100000000)
  region size 1024K, 42 young (43008K), 3 survivors (3072K)
 Metaspace       used 52643K, capacity 53601K, committed 53888K, reserved 301056K
  class space    used 6632K, capacity 6973K, committed 7040K, reserved 253952K
}
Event: 100.329 GC heap after
{Heap after GC invocations=17 (full 0):
 garbage-first heap   total 262144K, used 32302K [0x00000000e0000000, 0x0000000100000000)
  region size 1024K, 5 young (5120K), 5 survivors (5120K)
 Metaspace       used 52643K, capacity 53601K, committed 53888K, reserved 301056K
  class space    used 6632K, capacity 6973K, committed 7040K, reserved 253952K
}

