# JRE version: OpenJDK Runtime Environment (11.0.4+11) (build 11.0.4+11)
# Java VM: OpenJDK 64-Bit Server VM (11.0.4+11, mixed mode, tiered, compressed oops, g1 gc, windows-amd64)
Heap:
 garbage-first heap   total 262144K, used 34846K [0x00000000e0000000, 0x0000000100000000)
  region size 1024K, 6 young (6144K), 5 survivors (5120K)
 Metaspace       used 53753K, capacity 54748K, committed 55040K, reserved 303104K
  class space    used 6788K, capacity 7100K, committed 7168K, reserved 253952K
GC Heap History (10 events):
Event: 93.495 GC heap before
{Heap before GC invocations=14 (full 0):
 garbage-first heap   total 262144K, used 34399K [0x00000000e0000000, 0x0000000100000000)
  region size 1024K, 12 young (12288K), 6 survivors (6144K)
 Metaspace       used 50854K, capacity 51803K, committed 52096K, reserved 301056K
  class space    used 6372K, capacity 6677K, committed 6784K, reserved 253952K
}
Event: 93.832 GC heap after
{Heap after GC invocations=15 (full 0):
 garbage-first heap   total 262144K, used 29053K [0x00000000e0000000, 0x0000000100000000)
  region size 1024K, 2 young (2048K), 2 survivors (2048K)
 Metaspace       used 50854K, capacity 51803K, committed 52096K, reserved 301056K
  class space    used 6372K, capacity 6677K, committed 6784K, reserved 253952K
}
Event: 97.455 GC heap before
{Heap before GC invocations=15 (full 0):
 garbage-first heap   total 262144K, used 39293K [0x00000000e0000000, 0x0000000100000000)
  region size 1024K, 12 young (12288K), 2 survivors (2048K)
 Metaspace       used 51790K, capacity 52745K, committed 52992K, reserved 301056K
  class space    used 6537K, capacity 6841K, committed 6912K, reserved 253952K
}
Event: 97.532 GC heap after
{Heap after GC invocations=16 (full 0):
 garbage-first heap   total 262144K, used 29088K [0x00000000e0000000, 0x0000000100000000)
  region size 1024K, 2 young (2048K), 2 survivors (2048K)
 Metaspace       used 51790K, capacity 52745K, committed 52992K, reserved 301056K
  class space    used 6537K, capacity 6841K, committed 6912K, reserved 253952K
}
Event: 99.409 GC heap before
{Heap before GC invocations=16 (full 0):
 garbage-first heap   total 262144K, used 39328K [0x00000000e0000000, 0x0000000100000000)
  region size 1024K, 12 young (12288K), 2 survivors (2048K)
 Metaspace       used 52173K, capacity 53103K, committed 53248K, reserved 301056K
  class space    used 6559K, capacity 6874K, committed 6912K, reserved 253952K
}
Event: 99.432 GC heap after
{Heap after GC invocations=17 (full 0):
 garbage-first heap   total 262144K, used 29582K [0x00000000e0000000, 0x0000000100000000)
  region size 1024K, 2 young (2048K), 2 survivors (2048K)
 Metaspace       used 52173K, capacity 53103K, committed 53248K, reserved 301056K
  class space    used 6559K, capacity 6874K, committed 6912K, reserved 253952K
}
Event: 101.099 GC heap before
{Heap before GC invocations=17 (full 0):
 garbage-first heap   total 262144K, used 51086K [0x00000000e0000000, 0x0000000100000000)
  region size 1024K, 23 young (23552K), 2 survivors (2048K)
 Metaspace       used 52366K, capacity 53333K, committed 53504K, reserved 301056K
  class space    used 6580K, capacity 6907K, committed 6912K, reserved 253952K
}
Event: 101.165 GC heap after
{Heap after GC invocations=18 (full 0):
 garbage-first heap   total 262144K, used 30598K [0x00000000e0000000, 0x0000000100000000)
  region size 1024K, 3 young (3072K), 3 survivors (3072K)
 Metaspace       used 52366K, capacity 53333K, committed 53504K, reserved 301056K
  class space    used 6580K, capacity 6907K, committed 6912K, reserved 253952K
}
Event: 103.226 GC heap before
{Heap before GC invocations=18 (full 0):
 garbage-first heap   total 262144K, used 57222K [0x00000000e0000000, 0x0000000100000000)
  region size 1024K, 29 young (29696K), 3 survivors (3072K)
 Metaspace       used 52607K, capacity 53525K, committed 53760K, reserved 301056K
  class space    used 6606K, capacity 6907K, committed 6912K, reserved 253952K
}
Event: 103.306 GC heap after
{Heap after GC invocations=19 (full 0):
 garbage-first heap   total 262144K, used 32183K [0x00000000e0000000, 0x0000000100000000)
  region size 1024K, 4 young (4096K), 4 survivors (4096K)
 Metaspace       used 52607K, capacity 53525K, committed 53760K, reserved 301056K
  class space    used 6606K, capacity 6907K, committed 6912K, reserved 253952K
}

