# JRE version: OpenJDK Runtime Environment (11.0.4+11) (build 11.0.4+11)
# Java VM: OpenJDK 64-Bit Server VM (11.0.4+11, mixed mode, tiered, compressed oops, g1 gc, windows-amd64)
Heap:
 garbage-first heap   total 99328K, used 31088K [0x00000000c0000000, 0x0000000100000000)
  region size 1024K, 2 young (2048K), 2 survivors (2048K)
 Metaspace       used 44518K, capacity 46693K, committed 47004K, reserved 1091584K
  class space    used 4496K, capacity 5307K, committed 5376K, reserved 1048576K
GC Heap History (10 events):
Event: 120.855 GC heap before
{Heap before GC invocations=35 (full 0):
 garbage-first heap   total 48128K, used 34905K [0x00000000c0000000, 0x0000000100000000)
  region size 1024K, 12 young (12288K), 2 survivors (2048K)
 Metaspace       used 44305K, capacity 46500K, committed 46748K, reserved 1091584K
  class space    used 4483K, capacity 5307K, committed 5376K, reserved 1048576K
}
Event: 120.874 GC heap after
{Heap after GC invocations=36 (full 0):
 garbage-first heap   total 48128K, used 25585K [0x00000000c0000000, 0x0000000100000000)
  region size 1024K, 2 young (2048K), 2 survivors (2048K)
 Metaspace       used 44305K, capacity 46500K, committed 46748K, reserved 1091584K
  class space    used 4483K, capacity 5307K, committed 5376K, reserved 1048576K
}
Event: 121.461 GC heap before
{Heap before GC invocations=37 (full 0):
 garbage-first heap   total 48128K, used 34801K [0x00000000c0000000, 0x0000000100000000)
  region size 1024K, 11 young (11264K), 2 survivors (2048K)
 Metaspace       used 44330K, capacity 46565K, committed 46748K, reserved 1091584K
  class space    used 4483K, capacity 5307K, committed 5376K, reserved 1048576K
}
Event: 121.521 GC heap after
{Heap after GC invocations=38 (full 0):
 garbage-first heap   total 48128K, used 26475K [0x00000000c0000000, 0x0000000100000000)
  region size 1024K, 2 young (2048K), 2 survivors (2048K)
 Metaspace       used 44330K, capacity 46565K, committed 46748K, reserved 1091584K
  class space    used 4483K, capacity 5307K, committed 5376K, reserved 1048576K
}
Event: 121.540 GC heap before
{Heap before GC invocations=38 (full 0):
 garbage-first heap   total 48128K, used 27499K [0x00000000c0000000, 0x0000000100000000)
  region size 1024K, 3 young (3072K), 2 survivors (2048K)
 Metaspace       used 44330K, capacity 46565K, committed 46748K, reserved 1091584K
  class space    used 4483K, capacity 5307K, committed 5376K, reserved 1048576K
}
Event: 121.819 GC heap after
{Heap after GC invocations=39 (full 0):
 garbage-first heap   total 58368K, used 24431K [0x00000000c0000000, 0x0000000100000000)
  region size 1024K, 1 young (1024K), 1 survivors (1024K)
 Metaspace       used 44330K, capacity 46565K, committed 46748K, reserved 1091584K
  class space    used 4483K, capacity 5307K, committed 5376K, reserved 1048576K
}
Event: 122.426 GC heap before
{Heap before GC invocations=39 (full 0):
 garbage-first heap   total 58368K, used 36719K [0x00000000c0000000, 0x0000000100000000)
  region size 1024K, 13 young (13312K), 1 survivors (1024K)
 Metaspace       used 44361K, capacity 46565K, committed 46748K, reserved 1091584K
  class space    used 4486K, capacity 5307K, committed 5376K, reserved 1048576K
}
Event: 122.432 GC heap after
{Heap after GC invocations=40 (full 0):
 garbage-first heap   total 58368K, used 25269K [0x00000000c0000000, 0x0000000100000000)
  region size 1024K, 2 young (2048K), 2 survivors (2048K)
 Metaspace       used 44361K, capacity 46565K, committed 46748K, reserved 1091584K
  class space    used 4486K, capacity 5307K, committed 5376K, reserved 1048576K
}
Event: 122.592 GC heap before
{Heap before GC invocations=40 (full 0):
 garbage-first heap   total 58368K, used 39605K [0x00000000c0000000, 0x0000000100000000)
  region size 1024K, 16 young (16384K), 2 survivors (2048K)
 Metaspace       used 44364K, capacity 46565K, committed 46748K, reserved 1091584K
  class space    used 4486K, capacity 5307K, committed 5376K, reserved 1048576K
}
Event: 122.604 GC heap after
{Heap after GC invocations=41 (full 0):
 garbage-first heap   total 58368K, used 26483K [0x00000000c0000000, 0x0000000100000000)
  region size 1024K, 2 young (2048K), 2 survivors (2048K)
 Metaspace       used 44364K, capacity 46565K, committed 46748K, reserved 1091584K
  class space    used 4486K, capacity 5307K, committed 5376K, reserved 1048576K
}

